-------------------------------------------------------------------------------
Test set: com.andrecarvalho.projeto.AplicationApplicationTests
-------------------------------------------------------------------------------
Tests run: 1, Failures: 0, Errors: 1, Skipped: 0, Time elapsed: 5.926 s <<< FAILURE! - in com.andrecarvalho.projeto.AplicationApplicationTests
contextLoads  Time elapsed: 0.007 s  <<< ERROR!
java.lang.IllegalStateException: Failed to load ApplicationContext
Caused by: org.springframework.beans.factory.BeanCreationException: Error creating bean with name 's3Config': Injection of autowired dependencies failed; nested exception is java.lang.IllegalArgumentException: Could not resolve placeholder 'aws.access_key_id' in value "${aws.access_key_id}"
Caused by: java.lang.IllegalArgumentException: Could not resolve placeholder 'aws.access_key_id' in value "${aws.access_key_id}"

